<?xml version="1.0" encoding="UTF-8"?>
<testng-results skipped="0" failed="0" ignored="0" total="2" passed="2">
  <reporter-output>
  </reporter-output>
  <suite name="TestSuite" duration-ms="8071" started-at="2019-05-01T18:21:58Z" finished-at="2019-05-01T18:22:06Z">
    <groups>
    </groups>
    <test name="ChromeTest" duration-ms="7333" started-at="2019-05-01T18:21:58Z" finished-at="2019-05-01T18:22:06Z">
      <class name="parallelTest.CrossBrowserScript">
        <test-method status="PASS" signature="setup(java.lang.String)[pri:0, instance:parallelTest.CrossBrowserScript@548a9f61]" name="setup" is-config="true" duration-ms="3156" started-at="2019-05-01T18:21:58Z" finished-at="2019-05-01T18:22:02Z">
          <params>
            <param index="0">
              <value>
                <![CDATA[Chrome]]>
              </value>
            </param>
          </params>
          <reporter-output>
          </reporter-output>
        </test-method> <!-- setup -->
        <test-method status="PASS" signature="testMultipleBrowser()[pri:0, instance:parallelTest.CrossBrowserScript@548a9f61]" name="testMultipleBrowser" duration-ms="4048" started-at="2019-05-01T18:22:02Z" finished-at="2019-05-01T18:22:06Z">
          <reporter-output>
          </reporter-output>
        </test-method> <!-- testMultipleBrowser -->
        <test-method status="PASS" signature="tearDown()[pri:0, instance:parallelTest.CrossBrowserScript@548a9f61]" name="tearDown" is-config="true" duration-ms="112" started-at="2019-05-01T18:22:06Z" finished-at="2019-05-01T18:22:06Z">
          <reporter-output>
          </reporter-output>
        </test-method> <!-- tearDown -->
      </class> <!-- parallelTest.CrossBrowserScript -->
    </test> <!-- ChromeTest -->
    <test name="FirefoxTest" duration-ms="8071" started-at="2019-05-01T18:21:58Z" finished-at="2019-05-01T18:22:06Z">
      <class name="parallelTest.CrossBrowserScript">
        <test-method status="PASS" signature="setup(java.lang.String)[pri:0, instance:parallelTest.CrossBrowserScript@5b275dab]" name="setup" is-config="true" duration-ms="4848" started-at="2019-05-01T18:21:58Z" finished-at="2019-05-01T18:22:03Z">
          <params>
            <param index="0">
              <value>
                <![CDATA[Firefox]]>
              </value>
            </param>
          </params>
          <reporter-output>
          </reporter-output>
        </test-method> <!-- setup -->
        <test-method status="PASS" signature="testMultipleBrowser()[pri:0, instance:parallelTest.CrossBrowserScript@5b275dab]" name="testMultipleBrowser" duration-ms="2434" started-at="2019-05-01T18:22:03Z" finished-at="2019-05-01T18:22:06Z">
          <reporter-output>
          </reporter-output>
        </test-method> <!-- testMultipleBrowser -->
        <test-method status="PASS" signature="tearDown()[pri:0, instance:parallelTest.CrossBrowserScript@5b275dab]" name="tearDown" is-config="true" duration-ms="781" started-at="2019-05-01T18:22:06Z" finished-at="2019-05-01T18:22:06Z">
          <reporter-output>
          </reporter-output>
        </test-method> <!-- tearDown -->
      </class> <!-- parallelTest.CrossBrowserScript -->
    </test> <!-- FirefoxTest -->
  </suite> <!-- TestSuite -->
</testng-results>
